{"E:\\IT_and_programing\\Frontend\\8.0_Homeworks\\Task_10.2\\src\\js\\GameSavingLoader.js": {"path":"E:\\IT_and_programing\\Frontend\\8.0_Homeworks\\Task_10.2\\src\\js\\GameSavingLoader.js","statementMap":{"0":{"start":{"line":6,"column":4},"end":{"line":11,"column":7}},"1":{"start":{"line":7,"column":6},"end":{"line":7,"column":22}},"2":{"start":{"line":8,"column":22},"end":{"line":8,"column":32}},"3":{"start":{"line":9,"column":25},"end":{"line":9,"column":40}},"4":{"start":{"line":10,"column":6},"end":{"line":10,"column":24}}},"fnMap":{"0":{"name":"(anonymous_0)","decl":{"start":{"line":5,"column":2},"end":{"line":5,"column":3}},"loc":{"start":{"line":5,"column":9},"end":{"line":12,"column":3}},"line":5},"1":{"name":"(anonymous_1)","decl":{"start":{"line":6,"column":23},"end":{"line":6,"column":24}},"loc":{"start":{"line":6,"column":36},"end":{"line":8,"column":5}},"line":6},"2":{"name":"(anonymous_2)","decl":{"start":{"line":8,"column":12},"end":{"line":8,"column":13}},"loc":{"start":{"line":8,"column":22},"end":{"line":8,"column":32}},"line":8},"3":{"name":"(anonymous_3)","decl":{"start":{"line":8,"column":39},"end":{"line":8,"column":40}},"loc":{"start":{"line":8,"column":48},"end":{"line":11,"column":5}},"line":8}},"branchMap":{},"s":{"0":2,"1":2,"2":2,"3":2,"4":2},"f":{"0":2,"1":2,"2":2,"3":2},"b":{},"_coverageSchema":"1a1c01bbd47fc00a2c39e90264f33305004495a9","hash":"6ad7f8c3736ae208e57be156d87438db7f84f592"}
,"E:\\IT_and_programing\\Frontend\\8.0_Homeworks\\Task_10.2\\src\\js\\app.js": {"path":"E:\\IT_and_programing\\Frontend\\8.0_Homeworks\\Task_10.2\\src\\js\\app.js","statementMap":{"0":{"start":{"line":4,"column":12},"end":{"line":4,"column":34}},"1":{"start":{"line":6,"column":0},"end":{"line":13,"column":5}},"2":{"start":{"line":7,"column":2},"end":{"line":12,"column":3}},"3":{"start":{"line":8,"column":23},"end":{"line":8,"column":39}},"4":{"start":{"line":9,"column":4},"end":{"line":9,"column":28}},"5":{"start":{"line":11,"column":4},"end":{"line":11,"column":14}}},"fnMap":{"0":{"name":"(anonymous_0)","decl":{"start":{"line":6,"column":1},"end":{"line":6,"column":2}},"loc":{"start":{"line":6,"column":13},"end":{"line":13,"column":1}},"line":6}},"branchMap":{},"s":{"0":1,"1":1,"2":1,"3":1,"4":1,"5":0},"f":{"0":1},"b":{},"_coverageSchema":"1a1c01bbd47fc00a2c39e90264f33305004495a9","hash":"89fe4161fe2f1364470f21c0def24862d14d7792"}
,"E:\\IT_and_programing\\Frontend\\8.0_Homeworks\\Task_10.2\\src\\js\\parser.js": {"path":"E:\\IT_and_programing\\Frontend\\8.0_Homeworks\\Task_10.2\\src\\js\\parser.js","statementMap":{"0":{"start":{"line":2,"column":2},"end":{"line":7,"column":5}},"1":{"start":{"line":4,"column":4},"end":{"line":6,"column":12}},"2":{"start":{"line":5,"column":6},"end":{"line":5,"column":70}}},"fnMap":{"0":{"name":"json","decl":{"start":{"line":1,"column":24},"end":{"line":1,"column":28}},"loc":{"start":{"line":1,"column":35},"end":{"line":8,"column":1}},"line":1},"1":{"name":"(anonymous_1)","decl":{"start":{"line":2,"column":21},"end":{"line":2,"column":22}},"loc":{"start":{"line":2,"column":42},"end":{"line":7,"column":3}},"line":2},"2":{"name":"(anonymous_2)","decl":{"start":{"line":4,"column":15},"end":{"line":4,"column":16}},"loc":{"start":{"line":4,"column":21},"end":{"line":6,"column":5}},"line":4}},"branchMap":{},"s":{"0":2,"1":2,"2":2},"f":{"0":2,"1":2,"2":2},"b":{},"_coverageSchema":"1a1c01bbd47fc00a2c39e90264f33305004495a9","hash":"e8150d8a85c66938db29e5af5c7a29df121cf89b"}
,"E:\\IT_and_programing\\Frontend\\8.0_Homeworks\\Task_10.2\\src\\js\\reader.js": {"path":"E:\\IT_and_programing\\Frontend\\8.0_Homeworks\\Task_10.2\\src\\js\\reader.js","statementMap":{"0":{"start":{"line":2,"column":2},"end":{"line":15,"column":5}},"1":{"start":{"line":4,"column":4},"end":{"line":14,"column":13}},"2":{"start":{"line":5,"column":19},"end":{"line":5,"column":111}},"3":{"start":{"line":6,"column":6},"end":{"line":13,"column":15}},"4":{"start":{"line":7,"column":23},"end":{"line":7,"column":56}},"5":{"start":{"line":8,"column":27},"end":{"line":8,"column":50}},"6":{"start":{"line":9,"column":8},"end":{"line":11,"column":9}},"7":{"start":{"line":9,"column":21},"end":{"line":9,"column":22}},"8":{"start":{"line":10,"column":10},"end":{"line":10,"column":46}},"9":{"start":{"line":12,"column":8},"end":{"line":12,"column":24}}},"fnMap":{"0":{"name":"read","decl":{"start":{"line":1,"column":24},"end":{"line":1,"column":28}},"loc":{"start":{"line":1,"column":31},"end":{"line":16,"column":1}},"line":1},"1":{"name":"(anonymous_1)","decl":{"start":{"line":2,"column":21},"end":{"line":2,"column":22}},"loc":{"start":{"line":2,"column":42},"end":{"line":15,"column":3}},"line":2},"2":{"name":"(anonymous_2)","decl":{"start":{"line":4,"column":15},"end":{"line":4,"column":16}},"loc":{"start":{"line":4,"column":21},"end":{"line":14,"column":5}},"line":4},"3":{"name":"(anonymous_3)","decl":{"start":{"line":6,"column":14},"end":{"line":6,"column":15}},"loc":{"start":{"line":6,"column":25},"end":{"line":13,"column":7}},"line":6}},"branchMap":{},"s":{"0":2,"1":2,"2":2,"3":2,"4":2,"5":2,"6":2,"7":2,"8":180,"9":2},"f":{"0":2,"1":2,"2":2,"3":2},"b":{},"_coverageSchema":"1a1c01bbd47fc00a2c39e90264f33305004495a9","hash":"96b75795ffce8c510c657f5a85cd0f04a25961c9"}
}
